

Microchip Technology PIC18 LITE Macro Assembler V1.34 build -361300703 
                                                                                               Sun Oct 25 20:25:05 2015

Microchip Technology Omniscient Code Generator (Lite mode) build 201502162209
     1                           	processor	18F67K22
     2                           	fnconf	rparam,??,?,0
     3                           	opt	pw 120
     4                           	opt	lm
     5                           	psect	text0,global,reloc=2,class=CODE,delta=1
     6                           	psect	cinit,global,reloc=2,class=CODE,delta=1
     7                           	psect	cstackCOMRAM,global,class=COMRAM,space=1,delta=1
     8                           	psect	intsave_regs,global,class=BIGRAM,space=1,delta=1
     9                           	psect	rparam,global,class=COMRAM,space=1,delta=1
    10  0000                     _PORTEbits	set	3972
    11  0000                     _TRISE	set	3990
    12                           
    13 ;;
    14 ;;Main: autosize = 0, tempsize = 0, incstack = 0, save=0
    15 ;;
    16 ;; *************** function _main *****************
    17 ;; Defined at:
    18 ;;		line 5 in file "_01_USER/main.c"
    19 ;; Parameters:    Size  Location     Type
    20 ;;		None
    21 ;; Auto vars:     Size  Location     Type
    22 ;;  i               1    0[COMRAM] unsigned char 
    23 ;; Return value:  Size  Location     Type
    24 ;;                  2    6[None  ] int 
    25 ;; Registers used:
    26 ;;		wreg, status,2
    27 ;; Tracked objects:
    28 ;;		On entry : 0/0
    29 ;;		On exit  : 0/0
    30 ;;		Unchanged: 0/0
    31 ;; Data sizes:     COMRAM   BANK0   BANK1   BANK2   BANK3   BANK4   BANK5   BANK6   BANK7   BANK8   BANK9  BANK10  BANK1
      +1  BANK12  BANK13  BANK14  BANK15
    32 ;;      Params:         0       0       0       0       0       0       0       0       0       0       0       0       
      +0       0       0       0       0
    33 ;;      Locals:         1       0       0       0       0       0       0       0       0       0       0       0       
      +0       0       0       0       0
    34 ;;      Temps:          0       0       0       0       0       0       0       0       0       0       0       0       
      +0       0       0       0       0
    35 ;;      Totals:         1       0       0       0       0       0       0       0       0       0       0       0       
      +0       0       0       0       0
    36 ;;Total ram usage:        1 bytes
    37 ;; This function calls:
    38 ;;		Nothing
    39 ;; This function is called by:
    40 ;;		Startup code after reset
    41 ;; This function uses a non-reentrant model
    42 ;;
    43                           
    44                           	psect	text0
    45  01FFEE                     __ptext0:
    46                           	opt stack 0
    47  01FFEE                     _main:
    48                           	opt stack 31
    49                           
    50                           ;main.c: 7: unsigned char i=0;
    51                           
    52                           ;incstack = 0
    53  01FFEE  0E00               	movlw	0
    54  01FFF0  6E01               	movwf	main@i,c
    55                           
    56                           ;main.c: 8: TRISE=0x00;
    57  01FFF2  0E00               	movlw	0
    58  01FFF4  6E96               	movwf	3990,c	;volatile
    59  01FFF6  D000               	goto	l594
    60  01FFF8                     l594:
    61                           
    62                           ;main.c: 10: {
    63                           ;main.c: 11: PORTEbits.RE2=0;
    64  01FFF8  9484               	bcf	3972,2,c	;volatile
    65  01FFFA  D7FE               	goto	l594
    66                           
    67                           ;main.c: 13: }
    68                           ;main.c: 15: return 0;
    69                           ;	Return value of _main is never used
    70  01FFFC  EF00  F000         	goto	start
    71  020000                     __end_of_main:
    72                           	opt stack 0
    73  0000                     
    74                           	psect	cinit
    75  01FFE8                     __pcinit:
    76                           	opt stack 0
    77  01FFE8                     start_initialization:
    78                           	opt stack 0
    79  01FFE8                     __initialization:
    80                           	opt stack 0
    81  01FFE8                     end_of_initialization:
    82                           	opt stack 0
    83  01FFE8                     __end_of__initialization:
    84                           	opt stack 0
    85  01FFE8  0100               	movlb	0
    86  01FFEA  EFF7  F0FF         	goto	_main	;jump to C main() function
    87                           
    88                           	psect	cstackCOMRAM
    89  000001                     __pcstackCOMRAM:
    90                           	opt stack 0
    91  000001                     main@i:
    92                           	opt stack 0
    93                           
    94                           ; 1 bytes @ 0x0
    95  000001                     	ds	1
    96                           
    97                           	psect	rparam


Data Sizes:
    Strings     0
    Constant    0
    Data        0
    BSS         0
    Persistent  0
    Stack       0

Auto Spaces:
    Space          Size  Autos    Used
    COMRAM           95      1       1
    BANK0           160      0       0
    BANK1           256      0       0
    BANK2           256      0       0
    BANK3           256      0       0
    BANK4           256      0       0
    BANK5           256      0       0
    BANK6           256      0       0
    BANK7           256      0       0
    BANK8           256      0       0
    BANK9           256      0       0
    BANK10          256      0       0
    BANK11          256      0       0
    BANK12          256      0       0
    BANK13          256      0       0
    BANK14          256      0       0
    BANK15           22      0       0

Pointer List with Targets:

    None.

Critical Paths under _main in COMRAM

    None.

Critical Paths under _main in BANK0

    None.

Critical Paths under _main in BANK1

    None.

Critical Paths under _main in BANK2

    None.

Critical Paths under _main in BANK3

    None.

Critical Paths under _main in BANK4

    None.

Critical Paths under _main in BANK5

    None.

Critical Paths under _main in BANK6

    None.

Critical Paths under _main in BANK7

    None.

Critical Paths under _main in BANK8

    None.

Critical Paths under _main in BANK9

    None.

Critical Paths under _main in BANK10

    None.

Critical Paths under _main in BANK11

    None.

Critical Paths under _main in BANK12

    None.

Critical Paths under _main in BANK13

    None.

Critical Paths under _main in BANK14

    None.

Critical Paths under _main in BANK15

    None.

Call Graph Tables:

 ---------------------------------------------------------------------------------
 (Depth) Function   	        Calls       Base Space   Used Autos Params    Refs
 ---------------------------------------------------------------------------------
 (0) _main                                                 1     1      0       0
                                              0 COMRAM     1     1      0
 ---------------------------------------------------------------------------------
 Estimated maximum stack depth 0
 ---------------------------------------------------------------------------------

 Call Graph Graphs:

 _main (ROOT)

 Address spaces:
Name               Size   Autos  Total    Cost      Usage
BITCOMRAM           5F      0       0       0        0.0%
EEDATA             400      0       0       0        0.0%
NULL                 0      0       0       0        0.0%
CODE                 0      0       0       0        0.0%
COMRAM              5F      1       1       1        1.1%
STACK                0      0       0       2        0.0%
DATA                 0      0       0       3        0.0%
BITBANK0            A0      0       0       4        0.0%
BANK0               A0      0       0       5        0.0%
BITBANK1           100      0       0       6        0.0%
BANK1              100      0       0       7        0.0%
BITBANK2           100      0       0       8        0.0%
BANK2              100      0       0       9        0.0%
BITBANK3           100      0       0      10        0.0%
BANK3              100      0       0      11        0.0%
ABS                  0      0       0      12        0.0%
BITBANK4           100      0       0      13        0.0%
BANK4              100      0       0      14        0.0%
BITBANK5           100      0       0      15        0.0%
BANK5              100      0       0      16        0.0%
BITBANK6           100      0       0      17        0.0%
BANK6              100      0       0      18        0.0%
BITBANK7           100      0       0      19        0.0%
BANK7              100      0       0      20        0.0%
BITBANK8           100      0       0      21        0.0%
BANK8              100      0       0      22        0.0%
BITBANK9           100      0       0      23        0.0%
BANK9              100      0       0      24        0.0%
BITBANK10          100      0       0      25        0.0%
BANK10             100      0       0      26        0.0%
BITBANK11          100      0       0      27        0.0%
BANK11             100      0       0      28        0.0%
BITBANK12          100      0       0      29        0.0%
BANK12             100      0       0      30        0.0%
BITBANK13          100      0       0      31        0.0%
BANK13             100      0       0      32        0.0%
BITBANK14          100      0       0      33        0.0%
BANK14             100      0       0      34        0.0%
BITBANK15           16      0       0      35        0.0%
BANK15              16      0       0      36        0.0%
BIGRAM             F15      0       0      37        0.0%
BITSFR_1             0      0       0      40        0.0%
SFR_1                0      0       0      40        0.0%
BITSFR               0      0       0      40        0.0%
SFR                  0      0       0      40        0.0%


Microchip Technology PIC18 Macro Assembler V1.34 build -361300703 
Symbol Table                                                                                   Sun Oct 25 20:25:05 2015

                    l594 FFF8                     _main FFEE                     start 0000  
           ___param_bank 000010                    ?_main 0001                    _TRISE 000F96  
                  main@i 0001          __initialization FFE8             __end_of_main 0000  
                 ??_main 0001            __activetblptr 000000               __accesstop 0060  
__end_of__initialization FFE8            ___rparam_used 000001           __pcstackCOMRAM 0001  
                __Hparam 0000                  __Lparam 0000                  __pcinit FFE8  
                __ramtop 1000                  __ptext0 FFEE     end_of_initialization FFE8  
              _PORTEbits 000F84      start_initialization FFE8                 __Hrparam 0000  
               __Lrparam 0000            __size_of_main 0012  
