

Microchip Technology PIC18 LITE Macro Assembler V1.34 build -361300703 
                                                                                               Tue Nov 17 13:21:21 2015

Microchip Technology Omniscient Code Generator (Lite mode) build 201502162209
     1                           	processor	18F67K22
     2                           	fnconf	rparam,??,?,0
     3                           	opt	pw 120
     4                           	opt	lm
     5                           	psect	text0,global,reloc=2,class=CODE,delta=1
     6                           	psect	cinit,global,reloc=2,class=CODE,delta=1
     7                           	psect	bssCOMRAM,global,class=COMRAM,space=1,delta=1
     8                           	psect	cstackCOMRAM,global,class=COMRAM,space=1,delta=1
     9                           	psect	text1,global,reloc=2,class=CODE,delta=1
    10                           	psect	text2,global,reloc=2,class=CODE,delta=1
    11                           	psect	text3,global,reloc=2,class=CODE,delta=1
    12                           	psect	text4,global,reloc=2,class=CODE,delta=1
    13                           	psect	text5,global,reloc=2,class=CODE,delta=1
    14                           	psect	text6,global,reloc=2,class=CODE,delta=1
    15                           	psect	intcode,global,reloc=2,class=CODE,delta=1
    16                           	psect	text8,global,reloc=2,class=CODE,delta=1
    17                           	psect	intsave_regs,global,class=BIGRAM,space=1,delta=1
    18                           	psect	rparam,global,class=COMRAM,space=1,delta=1
    19  0000                     _PORTEbits	set	3972
    20  0000                     _TMR0H	set	4055
    21  0000                     _TMR0L	set	4054
    22  0000                     _TRISC	set	3988
    23  0000                     _TRISE	set	3990
    24  0000                     _TRISF	set	3991
    25  0000                     _GIE	set	32663
    26  0000                     _IPEN	set	32391
    27  0000                     _PSA	set	32427
    28  0000                     _RE2	set	31778
    29  0000                     _RE3	set	31779
    30  0000                     _RE4	set	31780
    31  0000                     _RE5	set	31781
    32  0000                     _RF7	set	31791
    33  0000                     _T08BIT	set	32430
    34  0000                     _T0CS	set	32429
    35  0000                     _T0PS0	set	32424
    36  0000                     _T0PS1	set	32425
    37  0000                     _T0PS2	set	32426
    38  0000                     _T0SE	set	32428
    39  0000                     _TMR0IE	set	32661
    40  0000                     _TMR0IF	set	32658
    41  0000                     _TMR0ON	set	32431
    42                           
    43                           ; 0 bytes @ 0x16
    44 ;;
    45 ;;Main: autosize = 0, tempsize = 0, incstack = 0, save=0
    46 ;;
    47 ;; *************** function _main *****************
    48 ;; Defined at:
    49 ;;		line 29 in file "_01_USER/main.c"
    50 ;; Parameters:    Size  Location     Type
    51 ;;		None
    52 ;; Auto vars:     Size  Location     Type
    53 ;;		None
    54 ;; Return value:  Size  Location     Type
    55 ;;                  2   18[None  ] int 
    56 ;; Registers used:
    57 ;;		wreg, status,2, status,0, cstack
    58 ;; Tracked objects:
    59 ;;		On entry : 0/0
    60 ;;		On exit  : 0/0
    61 ;;		Unchanged: 0/0
    62 ;; Data sizes:     COMRAM   BANK0   BANK1   BANK2   BANK3   BANK4   BANK5   BANK6   BANK7   BANK8   BANK9  BANK10  BANK1
      +1  BANK12  BANK13  BANK14  BANK15
    63 ;;      Params:         0       0       0       0       0       0       0       0       0       0       0       0       
      +0       0       0       0       0
    64 ;;      Locals:         0       0       0       0       0       0       0       0       0       0       0       0       
      +0       0       0       0       0
    65 ;;      Temps:          0       0       0       0       0       0       0       0       0       0       0       0       
      +0       0       0       0       0
    66 ;;      Totals:         0       0       0       0       0       0       0       0       0       0       0       0       
      +0       0       0       0       0
    67 ;;Total ram usage:        0 bytes
    68 ;; Hardware stack levels required when called:    4
    69 ;; This function calls:
    70 ;;		_GPIO_Config
    71 ;;		_Key_Init
    72 ;;		_Timer0_Init
    73 ;;		_delay_ms
    74 ;; This function is called by:
    75 ;;		Startup code after reset
    76 ;; This function uses a non-reentrant model
    77 ;;
    78                           
    79                           	psect	text0
    80  0000FC                     __ptext0:
    81                           	opt stack 0
    82  0000FC                     _main:
    83                           	opt stack 27
    84                           
    85                           ;main.c: 31: GPIO_Config();
    86                           
    87                           ;incstack = 0
    88  0000FC  ECCA  F000         	call	_GPIO_Config	;wreg free
    89                           
    90                           ;main.c: 32: Key_Init();
    91  000100  ECCF  F000         	call	_Key_Init	;wreg free
    92                           
    93                           ;main.c: 33: Timer0_Init();
    94  000104  ECA5  F000         	call	_Timer0_Init	;wreg free
    95                           
    96                           ;main.c: 34: RE2 = 1;
    97  000108  8484               	bsf	3972,2,c	;volatile
    98                           
    99                           ;main.c: 35: RE3 = 1;
   100  00010A  8684               	bsf	3972,3,c	;volatile
   101                           
   102                           ;main.c: 36: RE4 = 1;
   103  00010C  8884               	bsf	3972,4,c	;volatile
   104                           
   105                           ;main.c: 37: RE5 = 1;
   106  00010E  8A84               	bsf	3972,5,c	;volatile
   107  000110                     l19:
   108                           
   109                           ;main.c: 40: {
   110                           ;main.c: 41: delay_ms(500);
   111  000110  0E01               	movlw	1
   112  000112  6E16               	movwf	delay_ms@_ms+1,c
   113  000114  0EF4               	movlw	244
   114  000116  6E15               	movwf	delay_ms@_ms,c
   115  000118  ECB7  F000         	call	_delay_ms	;wreg free
   116                           
   117                           ;main.c: 42: RE5=~RE5;
   118  00011C  7A84               	btg	3972,5,c	;volatile
   119  00011E  D7F8               	goto	l19
   120                           
   121                           ;main.c: 44: }
   122                           ;main.c: 46: return 0;
   123                           ;	Return value of _main is never used
   124  000120  EF4E  F000         	goto	start
   125  000124                     __end_of_main:
   126                           	opt stack 0
   127                           
   128                           	psect	cinit
   129  000188                     __pcinit:
   130                           	opt stack 0
   131  000188                     start_initialization:
   132                           	opt stack 0
   133  000188                     __initialization:
   134                           	opt stack 0
   135                           
   136                           ; Clear objects allocated to COMRAM (3 bytes)
   137  000188  6A19               	clrf	(__pbssCOMRAM+2)& (0+255),c
   138  00018A  6A18               	clrf	(__pbssCOMRAM+1)& (0+255),c
   139  00018C  6A17               	clrf	__pbssCOMRAM& (0+255),c
   140  00018E                     end_of_initialization:
   141                           	opt stack 0
   142  00018E                     __end_of__initialization:
   143                           	opt stack 0
   144  00018E  0100               	movlb	0
   145  000190  EF7E  F000         	goto	_main	;jump to C main() function
   146                           
   147                           	psect	bssCOMRAM
   148  000017                     __pbssCOMRAM:
   149                           	opt stack 0
   150  000017                     _Local_Key:
   151                           	opt stack 0
   152  000017                     	ds	3
   153                           
   154                           	psect	cstackCOMRAM
   155  000001                     __pcstackCOMRAM:
   156                           	opt stack 0
   157  000001                     i2SetTimer0@_tmr:
   158                           	opt stack 0
   159                           
   160                           ; 2 bytes @ 0x0
   161  000001                     	ds	2
   162  000003                     ??i2_SetTimer0:
   163                           
   164                           ; 0 bytes @ 0x2
   165  000003                     	ds	2
   166  000005                     ??_Sys_Cyc:
   167                           
   168                           ; 0 bytes @ 0x4
   169  000005                     	ds	14
   170  000013                     delay1ms@a:
   171                           	opt stack 0
   172  000013                     SetTimer0@_tmr:
   173                           	opt stack 0
   174                           
   175                           ; 2 bytes @ 0x12
   176  000013                     	ds	1
   177  000014                     delay1ms@b:
   178                           	opt stack 0
   179                           
   180                           ; 1 bytes @ 0x13
   181  000014                     	ds	1
   182  000015                     ??_SetTimer0:
   183  000015                     delay_ms@_ms:
   184                           	opt stack 0
   185                           
   186                           ; 2 bytes @ 0x14
   187  000015                     	ds	2
   188  000017                     
   189 ;; *************** function _delay_ms *****************
   190 ;; Defined at:
   191 ;;		line 35 in file "_01_USER/My_Delay.c"
   192 ;; Parameters:    Size  Location     Type
   193 ;;  _ms             2   20[COMRAM] unsigned int 
   194 ;; Auto vars:     Size  Location     Type
   195 ;;		None
   196 ;; Return value:  Size  Location     Type
   197 ;;		None               void
   198 ;; Registers used:
   199 ;;		wreg, status,2, status,0, cstack
   200 ;; Tracked objects:
   201 ;;		On entry : 0/0
   202 ;;		On exit  : 0/0
   203 ;;		Unchanged: 0/0
   204 ;; Data sizes:     COMRAM   BANK0   BANK1   BANK2   BANK3   BANK4   BANK5   BANK6   BANK7   BANK8   BANK9  BANK10  BANK1
      +1  BANK12  BANK13  BANK14  BANK15
   205 ;;      Params:         2       0       0       0       0       0       0       0       0       0       0       0       
      +0       0       0       0       0
   206 ;;      Locals:         0       0       0       0       0       0       0       0       0       0       0       0       
      +0       0       0       0       0
   207 ;;      Temps:          0       0       0       0       0       0       0       0       0       0       0       0       
      +0       0       0       0       0
   208 ;;      Totals:         2       0       0       0       0       0       0       0       0       0       0       0       
      +0       0       0       0       0
   209 ;;Total ram usage:        2 bytes
   210 ;; Hardware stack levels used:    1
   211 ;; Hardware stack levels required when called:    3
   212 ;; This function calls:
   213 ;;		_delay1ms
   214 ;; This function is called by:
   215 ;;		_main
   216 ;; This function uses a non-reentrant model
   217 ;;
   218                           
   219                           	psect	text1
   220  00016E                     __ptext1:
   221                           	opt stack 0
   222  00016E                     _delay_ms:
   223                           	opt stack 27
   224                           
   225                           ;My_Delay.c: 37: while(_ms--) delay1ms();
   226                           
   227                           ;incstack = 0
   228  00016E  D003               	goto	l880
   229  000170                     l878:
   230  000170  EC92  F000         	call	_delay1ms	;wreg free
   231  000174  D000               	goto	l880
   232  000176                     l880:
   233  000176  0615               	decf	delay_ms@_ms,f,c
   234  000178  A0D8               	btfss	status,0,c
   235  00017A  0616               	decf	delay_ms@_ms+1,f,c
   236  00017C  2815               	incf	delay_ms@_ms,w,c
   237  00017E  E1F8               	bnz	l878
   238  000180  2816               	incf	delay_ms@_ms+1,w,c
   239  000182  A4D8               	btfss	status,2,c
   240  000184  D7F5               	goto	l878
   241  000186  0012               	return		;funcret
   242  000188                     __end_of_delay_ms:
   243                           	opt stack 0
   244                           status	equ	0xFD8
   245                           
   246 ;; *************** function _delay1ms *****************
   247 ;; Defined at:
   248 ;;		line 58 in file "_01_USER/My_Delay.c"
   249 ;; Parameters:    Size  Location     Type
   250 ;;		None
   251 ;; Auto vars:     Size  Location     Type
   252 ;;  b               1   19[COMRAM] unsigned char 
   253 ;;  a               1   18[COMRAM] unsigned char 
   254 ;; Return value:  Size  Location     Type
   255 ;;		None               void
   256 ;; Registers used:
   257 ;;		wreg, status,2, status,0
   258 ;; Tracked objects:
   259 ;;		On entry : 0/0
   260 ;;		On exit  : 0/0
   261 ;;		Unchanged: 0/0
   262 ;; Data sizes:     COMRAM   BANK0   BANK1   BANK2   BANK3   BANK4   BANK5   BANK6   BANK7   BANK8   BANK9  BANK10  BANK1
      +1  BANK12  BANK13  BANK14  BANK15
   263 ;;      Params:         0       0       0       0       0       0       0       0       0       0       0       0       
      +0       0       0       0       0
   264 ;;      Locals:         2       0       0       0       0       0       0       0       0       0       0       0       
      +0       0       0       0       0
   265 ;;      Temps:          0       0       0       0       0       0       0       0       0       0       0       0       
      +0       0       0       0       0
   266 ;;      Totals:         2       0       0       0       0       0       0       0       0       0       0       0       
      +0       0       0       0       0
   267 ;;Total ram usage:        2 bytes
   268 ;; Hardware stack levels used:    1
   269 ;; Hardware stack levels required when called:    2
   270 ;; This function calls:
   271 ;;		Nothing
   272 ;; This function is called by:
   273 ;;		_delay_ms
   274 ;; This function uses a non-reentrant model
   275 ;;
   276                           
   277                           	psect	text2
   278  000124                     __ptext2:
   279                           	opt stack 0
   280  000124                     _delay1ms:
   281                           	opt stack 27
   282                           
   283                           ;My_Delay.c: 60: unsigned char a,b;
   284                           ;My_Delay.c: 61: for(b=16;b>0;b--)
   285                           
   286                           ;incstack = 0
   287  000124  0E10               	movlw	16
   288  000126  6E14               	movwf	delay1ms@b,c
   289  000128  5014               	movf	delay1ms@b,w,c
   290  00012A  B4D8               	btfsc	status,2,c
   291  00012C  0012               	return	
   292  00012E  D001               	goto	l724
   293  000130  0012               	return	
   294  000132                     l724:
   295                           
   296                           ;My_Delay.c: 62: for(a=40;a>0;a--);
   297  000132  0E28               	movlw	40
   298  000134  6E13               	movwf	delay1ms@a,c
   299  000136  5013               	movf	delay1ms@a,w,c
   300  000138  B4D8               	btfsc	status,2,c
   301  00013A  D004               	goto	l732
   302  00013C  D001               	goto	l728
   303  00013E  D002               	goto	l732
   304  000140                     l728:
   305  000140  0613               	decf	delay1ms@a,f,c
   306  000142  D7F9               	goto	L1
   307  000144                     l732:
   308  000144  0614               	decf	delay1ms@b,f,c
   309  000146  D7F0               	goto	L2
   310  000148  0012               	return		;funcret
   311  00014A                     __end_of_delay1ms:
   312                           	opt stack 0
   313                           status	equ	0xFD8
   314                           
   315 ;; *************** function _Timer0_Init *****************
   316 ;; Defined at:
   317 ;;		line 35 in file "_01_USER/My_Timer.c"
   318 ;; Parameters:    Size  Location     Type
   319 ;;		None
   320 ;; Auto vars:     Size  Location     Type
   321 ;;		None
   322 ;; Return value:  Size  Location     Type
   323 ;;                  2    6[None  ] int 
   324 ;; Registers used:
   325 ;;		wreg, status,2, status,0, cstack
   326 ;; Tracked objects:
   327 ;;		On entry : 0/0
   328 ;;		On exit  : 0/0
   329 ;;		Unchanged: 0/0
   330 ;; Data sizes:     COMRAM   BANK0   BANK1   BANK2   BANK3   BANK4   BANK5   BANK6   BANK7   BANK8   BANK9  BANK10  BANK1
      +1  BANK12  BANK13  BANK14  BANK15
   331 ;;      Params:         0       0       0       0       0       0       0       0       0       0       0       0       
      +0       0       0       0       0
   332 ;;      Locals:         0       0       0       0       0       0       0       0       0       0       0       0       
      +0       0       0       0       0
   333 ;;      Temps:          0       0       0       0       0       0       0       0       0       0       0       0       
      +0       0       0       0       0
   334 ;;      Totals:         0       0       0       0       0       0       0       0       0       0       0       0       
      +0       0       0       0       0
   335 ;;Total ram usage:        0 bytes
   336 ;; Hardware stack levels used:    1
   337 ;; Hardware stack levels required when called:    3
   338 ;; This function calls:
   339 ;;		_SetTimer0
   340 ;; This function is called by:
   341 ;;		_main
   342 ;; This function uses a non-reentrant model
   343 ;;
   344                           
   345                           	psect	text3
   346  00014A                     __ptext3:
   347                           	opt stack 0
   348  00014A                     _Timer0_Init:
   349                           	opt stack 27
   350                           
   351                           ;My_Timer.c: 37: T08BIT = 0;
   352                           
   353                           ;incstack = 0
   354  00014A  9CD5               	bcf	4053,6,c	;volatile
   355                           
   356                           ;My_Timer.c: 38: T0CS = 0;
   357  00014C  9AD5               	bcf	4053,5,c	;volatile
   358                           
   359                           ;My_Timer.c: 39: T0SE = 0;
   360  00014E  98D5               	bcf	4053,4,c	;volatile
   361                           
   362                           ;My_Timer.c: 40: PSA = 0;
   363  000150  96D5               	bcf	4053,3,c	;volatile
   364                           
   365                           ;My_Timer.c: 41: T0PS2 = 0;
   366  000152  94D5               	bcf	4053,2,c	;volatile
   367                           
   368                           ;My_Timer.c: 42: T0PS1 = 0;
   369  000154  92D5               	bcf	4053,1,c	;volatile
   370                           
   371                           ;My_Timer.c: 43: T0PS0 = 1;
   372  000156  80D5               	bsf	4053,0,c	;volatile
   373                           
   374                           ;My_Timer.c: 56: SetTimer0(1);
   375  000158  0E00               	movlw	0
   376  00015A  6E14               	movwf	SetTimer0@_tmr+1,c
   377  00015C  0E01               	movlw	1
   378  00015E  6E13               	movwf	SetTimer0@_tmr,c
   379  000160  EC50  F000         	call	_SetTimer0	;wreg free
   380                           
   381                           ;My_Timer.c: 57: TMR0ON = 1;
   382  000164  8ED5               	bsf	4053,7,c	;volatile
   383                           
   384                           ;My_Timer.c: 58: TMR0IE = 1;
   385  000166  8AF2               	bsf	intcon,5,c	;volatile
   386                           
   387                           ;My_Timer.c: 59: IPEN = 0;GIE = 1;
   388  000168  9ED0               	bcf	4048,7,c	;volatile
   389  00016A  8EF2               	bsf	intcon,7,c	;volatile
   390  00016C  0012               	return		;funcret
   391  00016E                     __end_of_Timer0_Init:
   392                           	opt stack 0
   393                           intcon	equ	0xFF2
   394                           status	equ	0xFD8
   395                           
   396 ;; *************** function _SetTimer0 *****************
   397 ;; Defined at:
   398 ;;		line 72 in file "_01_USER/My_Timer.c"
   399 ;; Parameters:    Size  Location     Type
   400 ;;  _tmr            2   18[COMRAM] unsigned int 
   401 ;; Auto vars:     Size  Location     Type
   402 ;;		None
   403 ;; Return value:  Size  Location     Type
   404 ;;		None               void
   405 ;; Registers used:
   406 ;;		wreg, status,2, status,0
   407 ;; Tracked objects:
   408 ;;		On entry : 0/0
   409 ;;		On exit  : 0/0
   410 ;;		Unchanged: 0/0
   411 ;; Data sizes:     COMRAM   BANK0   BANK1   BANK2   BANK3   BANK4   BANK5   BANK6   BANK7   BANK8   BANK9  BANK10  BANK1
      +1  BANK12  BANK13  BANK14  BANK15
   412 ;;      Params:         2       0       0       0       0       0       0       0       0       0       0       0       
      +0       0       0       0       0
   413 ;;      Locals:         0       0       0       0       0       0       0       0       0       0       0       0       
      +0       0       0       0       0
   414 ;;      Temps:          2       0       0       0       0       0       0       0       0       0       0       0       
      +0       0       0       0       0
   415 ;;      Totals:         4       0       0       0       0       0       0       0       0       0       0       0       
      +0       0       0       0       0
   416 ;;Total ram usage:        4 bytes
   417 ;; Hardware stack levels used:    1
   418 ;; Hardware stack levels required when called:    2
   419 ;; This function calls:
   420 ;;		Nothing
   421 ;; This function is called by:
   422 ;;		_Timer0_Init
   423 ;; This function uses a non-reentrant model
   424 ;;
   425                           
   426                           	psect	text4
   427  0000A0                     __ptext4:
   428                           	opt stack 0
   429  0000A0                     _SetTimer0:
   430                           	opt stack 27
   431                           
   432                           ;My_Timer.c: 74: if(_tmr > 0xffff) _tmr = 0xffff;
   433                           
   434                           ;incstack = 0
   435  0000A0  D003               	goto	l858
   436  0000A2  6813               	setf	SetTimer0@_tmr,c
   437  0000A4  6814               	setf	SetTimer0@_tmr+1,c
   438  0000A6  D000               	goto	l858
   439  0000A8                     l858:
   440                           
   441                           ;My_Timer.c: 75: _tmr=0xffff-_tmr;
   442  0000A8  C013  F015         	movff	SetTimer0@_tmr,??_SetTimer0
   443  0000AC  C014  F016         	movff	SetTimer0@_tmr+1,??_SetTimer0+1
   444  0000B0  1E15               	comf	??_SetTimer0,f,c
   445  0000B2  1E16               	comf	??_SetTimer0+1,f,c
   446  0000B4  4A15               	infsnz	??_SetTimer0,f,c
   447  0000B6  2A16               	incf	??_SetTimer0+1,f,c
   448  0000B8  0EFF               	movlw	255
   449  0000BA  2415               	addwf	??_SetTimer0,w,c
   450  0000BC  6E13               	movwf	SetTimer0@_tmr,c
   451  0000BE  0EFF               	movlw	255
   452  0000C0  2016               	addwfc	??_SetTimer0+1,w,c
   453  0000C2  6E14               	movwf	SetTimer0@_tmr+1,c
   454                           
   455                           ;My_Timer.c: 76: TMR0H = _tmr/256;
   456  0000C4  5014               	movf	SetTimer0@_tmr+1,w,c
   457  0000C6  6ED7               	movwf	4055,c	;volatile
   458                           
   459                           ;My_Timer.c: 77: TMR0L = _tmr%256;
   460  0000C8  C013  FFD6         	movff	SetTimer0@_tmr,4054	;volatile
   461  0000CC  0012               	return		;funcret
   462  0000CE                     __end_of_SetTimer0:
   463                           	opt stack 0
   464                           intcon	equ	0xFF2
   465                           status	equ	0xFD8
   466                           
   467 ;; *************** function _Key_Init *****************
   468 ;; Defined at:
   469 ;;		line 37 in file "_01_USER/Key.c"
   470 ;; Parameters:    Size  Location     Type
   471 ;;		None
   472 ;; Auto vars:     Size  Location     Type
   473 ;;		None
   474 ;; Return value:  Size  Location     Type
   475 ;;                  2    4[None  ] int 
   476 ;; Registers used:
   477 ;;		wreg, status,2, status,0
   478 ;; Tracked objects:
   479 ;;		On entry : 0/0
   480 ;;		On exit  : 0/0
   481 ;;		Unchanged: 0/0
   482 ;; Data sizes:     COMRAM   BANK0   BANK1   BANK2   BANK3   BANK4   BANK5   BANK6   BANK7   BANK8   BANK9  BANK10  BANK1
      +1  BANK12  BANK13  BANK14  BANK15
   483 ;;      Params:         0       0       0       0       0       0       0       0       0       0       0       0       
      +0       0       0       0       0
   484 ;;      Locals:         0       0       0       0       0       0       0       0       0       0       0       0       
      +0       0       0       0       0
   485 ;;      Temps:          0       0       0       0       0       0       0       0       0       0       0       0       
      +0       0       0       0       0
   486 ;;      Totals:         0       0       0       0       0       0       0       0       0       0       0       0       
      +0       0       0       0       0
   487 ;;Total ram usage:        0 bytes
   488 ;; Hardware stack levels used:    1
   489 ;; Hardware stack levels required when called:    2
   490 ;; This function calls:
   491 ;;		Nothing
   492 ;; This function is called by:
   493 ;;		_main
   494 ;; This function uses a non-reentrant model
   495 ;;
   496                           
   497                           	psect	text5
   498  00019E                     __ptext5:
   499                           	opt stack 0
   500  00019E                     _Key_Init:
   501                           	opt stack 28
   502                           
   503                           ;Key.c: 39: TRISC |= 0x3c;
   504                           
   505                           ;incstack = 0
   506  00019E  0E3C               	movlw	60
   507  0001A0  1294               	iorwf	3988,f,c	;volatile
   508  0001A2  0012               	return		;funcret
   509  0001A4                     __end_of_Key_Init:
   510                           	opt stack 0
   511                           intcon	equ	0xFF2
   512                           status	equ	0xFD8
   513                           
   514 ;; *************** function _GPIO_Config *****************
   515 ;; Defined at:
   516 ;;		line 35 in file "_01_USER/GPIO.c"
   517 ;; Parameters:    Size  Location     Type
   518 ;;		None
   519 ;; Auto vars:     Size  Location     Type
   520 ;;		None
   521 ;; Return value:  Size  Location     Type
   522 ;;		None               void
   523 ;; Registers used:
   524 ;;		wreg, status,2, status,0
   525 ;; Tracked objects:
   526 ;;		On entry : 0/0
   527 ;;		On exit  : 0/0
   528 ;;		Unchanged: 0/0
   529 ;; Data sizes:     COMRAM   BANK0   BANK1   BANK2   BANK3   BANK4   BANK5   BANK6   BANK7   BANK8   BANK9  BANK10  BANK1
      +1  BANK12  BANK13  BANK14  BANK15
   530 ;;      Params:         0       0       0       0       0       0       0       0       0       0       0       0       
      +0       0       0       0       0
   531 ;;      Locals:         0       0       0       0       0       0       0       0       0       0       0       0       
      +0       0       0       0       0
   532 ;;      Temps:          0       0       0       0       0       0       0       0       0       0       0       0       
      +0       0       0       0       0
   533 ;;      Totals:         0       0       0       0       0       0       0       0       0       0       0       0       
      +0       0       0       0       0
   534 ;;Total ram usage:        0 bytes
   535 ;; Hardware stack levels used:    1
   536 ;; Hardware stack levels required when called:    2
   537 ;; This function calls:
   538 ;;		Nothing
   539 ;; This function is called by:
   540 ;;		_main
   541 ;; This function uses a non-reentrant model
   542 ;;
   543                           
   544                           	psect	text6
   545  000194                     __ptext6:
   546                           	opt stack 0
   547  000194                     _GPIO_Config:
   548                           	opt stack 28
   549                           
   550                           ;GPIO.c: 38: TRISE &= 0xc3;
   551                           
   552                           ;incstack = 0
   553  000194  0EC3               	movlw	195
   554  000196  1696               	andwf	3990,f,c	;volatile
   555                           
   556                           ;GPIO.c: 39: TRISF = 0x01;
   557  000198  0E01               	movlw	1
   558  00019A  6E97               	movwf	3991,c	;volatile
   559  00019C  0012               	return		;funcret
   560  00019E                     __end_of_GPIO_Config:
   561                           	opt stack 0
   562                           intcon	equ	0xFF2
   563                           status	equ	0xFD8
   564                           
   565 ;; *************** function _Sys_Cyc *****************
   566 ;; Defined at:
   567 ;;		line 92 in file "_01_USER/My_Timer.c"
   568 ;; Parameters:    Size  Location     Type
   569 ;;		None
   570 ;; Auto vars:     Size  Location     Type
   571 ;;		None
   572 ;; Return value:  Size  Location     Type
   573 ;;		None               void
   574 ;; Registers used:
   575 ;;		wreg, status,2, status,0, cstack
   576 ;; Tracked objects:
   577 ;;		On entry : 0/0
   578 ;;		On exit  : 0/0
   579 ;;		Unchanged: 0/0
   580 ;; Data sizes:     COMRAM   BANK0   BANK1   BANK2   BANK3   BANK4   BANK5   BANK6   BANK7   BANK8   BANK9  BANK10  BANK1
      +1  BANK12  BANK13  BANK14  BANK15
   581 ;;      Params:         0       0       0       0       0       0       0       0       0       0       0       0       
      +0       0       0       0       0
   582 ;;      Locals:         0       0       0       0       0       0       0       0       0       0       0       0       
      +0       0       0       0       0
   583 ;;      Temps:         14       0       0       0       0       0       0       0       0       0       0       0       
      +0       0       0       0       0
   584 ;;      Totals:        14       0       0       0       0       0       0       0       0       0       0       0       
      +0       0       0       0       0
   585 ;;Total ram usage:       14 bytes
   586 ;; Hardware stack levels used:    1
   587 ;; Hardware stack levels required when called:    1
   588 ;; This function calls:
   589 ;;		i2_SetTimer0
   590 ;; This function is called by:
   591 ;;		Interrupt level 2
   592 ;; This function uses a non-reentrant model
   593 ;;
   594                           
   595                           	psect	intcode
   596  000008                     __pintcode:
   597                           	opt stack 0
   598  000008                     _Sys_Cyc:
   599                           	opt stack 27
   600                           
   601                           ;incstack = 0
   602  000008  CFFA F005          	movff	pclath,??_Sys_Cyc
   603  00000C  CFFB F006          	movff	pclatu,??_Sys_Cyc+1
   604  000010  CFE9 F007          	movff	fsr0l,??_Sys_Cyc+2
   605  000014  CFEA F008          	movff	fsr0h,??_Sys_Cyc+3
   606  000018  CFE1 F009          	movff	fsr1l,??_Sys_Cyc+4
   607  00001C  CFE2 F00A          	movff	fsr1h,??_Sys_Cyc+5
   608  000020  CFD9 F00B          	movff	fsr2l,??_Sys_Cyc+6
   609  000024  CFDA F00C          	movff	fsr2h,??_Sys_Cyc+7
   610  000028  CFF3 F00D          	movff	prodl,??_Sys_Cyc+8
   611  00002C  CFF4 F00E          	movff	prodh,??_Sys_Cyc+9
   612  000030  CFF6 F00F          	movff	tblptrl,??_Sys_Cyc+10
   613  000034  CFF7 F010          	movff	tblptrh,??_Sys_Cyc+11
   614  000038  CFF8 F011          	movff	tblptru,??_Sys_Cyc+12
   615  00003C  CFF5 F012          	movff	tablat,??_Sys_Cyc+13
   616                           
   617                           ;My_Timer.c: 94: if(TMR0IF && TMR0IE)
   618  000040  B4F2               	btfsc	intcon,2,c	;volatile
   619  000042  AAF2               	btfss	intcon,5,c	;volatile
   620  000044  D00E               	goto	i2l112
   621                           
   622                           ;My_Timer.c: 95: {
   623                           ;My_Timer.c: 96: RF7 = RE2;
   624  000046  A484               	btfss	3972,2,c	;volatile
   625  000048  D002               	goto	i2u24_40
   626  00004A  8E85               	bsf	3973,7,c	;volatile
   627  00004C  D001               	goto	i2u25_45
   628  00004E                     i2u24_40:
   629  00004E  9E85               	bcf	3973,7,c	;volatile
   630  000050                     i2u25_45:
   631                           
   632                           ;My_Timer.c: 97: RE2 = ~RE2;
   633  000050  7484               	btg	3972,2,c	;volatile
   634                           
   635                           ;My_Timer.c: 98: SetTimer0(990);
   636  000052  0E03               	movlw	3
   637  000054  6E02               	movwf	i2SetTimer0@_tmr+1,c
   638  000056  0EDE               	movlw	222
   639  000058  6E01               	movwf	i2SetTimer0@_tmr,c
   640  00005A  EC67  F000         	call	i2_SetTimer0	;wreg free
   641                           
   642                           ;My_Timer.c: 99: TMR0IF = 0;
   643  00005E  94F2               	bcf	intcon,2,c	;volatile
   644  000060  D000               	goto	i2l112
   645  000062                     i2l112:
   646  000062  C012  FFF5         	movff	??_Sys_Cyc+13,tablat
   647  000066  C011  FFF8         	movff	??_Sys_Cyc+12,tblptru
   648  00006A  C010  FFF7         	movff	??_Sys_Cyc+11,tblptrh
   649  00006E  C00F  FFF6         	movff	??_Sys_Cyc+10,tblptrl
   650  000072  C00E  FFF4         	movff	??_Sys_Cyc+9,prodh
   651  000076  C00D  FFF3         	movff	??_Sys_Cyc+8,prodl
   652  00007A  C00C  FFDA         	movff	??_Sys_Cyc+7,fsr2h
   653  00007E  C00B  FFD9         	movff	??_Sys_Cyc+6,fsr2l
   654  000082  C00A  FFE2         	movff	??_Sys_Cyc+5,fsr1h
   655  000086  C009  FFE1         	movff	??_Sys_Cyc+4,fsr1l
   656  00008A  C008  FFEA         	movff	??_Sys_Cyc+3,fsr0h
   657  00008E  C007  FFE9         	movff	??_Sys_Cyc+2,fsr0l
   658  000092  C006  FFFB         	movff	??_Sys_Cyc+1,pclatu
   659  000096  C005  FFFA         	movff	??_Sys_Cyc,pclath
   660  00009A  0011               	retfie		f
   661  00009C                     __end_of_Sys_Cyc:
   662                           	opt stack 0
   663                           pclatu	equ	0xFFB
   664                           pclath	equ	0xFFA
   665                           tblptru	equ	0xFF8
   666                           tblptrh	equ	0xFF7
   667                           tblptrl	equ	0xFF6
   668                           tablat	equ	0xFF5
   669                           prodh	equ	0xFF4
   670                           prodl	equ	0xFF3
   671                           intcon	equ	0xFF2
   672                           fsr0h	equ	0xFEA
   673                           fsr0l	equ	0xFE9
   674                           fsr1h	equ	0xFE2
   675                           fsr1l	equ	0xFE1
   676                           fsr2h	equ	0xFDA
   677                           fsr2l	equ	0xFD9
   678                           status	equ	0xFD8
   679                           
   680 ;; *************** function i2_SetTimer0 *****************
   681 ;; Defined at:
   682 ;;		line 72 in file "_01_USER/My_Timer.c"
   683 ;; Parameters:    Size  Location     Type
   684 ;;  _tmr            2    0[COMRAM] unsigned int 
   685 ;; Auto vars:     Size  Location     Type
   686 ;;		None
   687 ;; Return value:  Size  Location     Type
   688 ;;		None               void
   689 ;; Registers used:
   690 ;;		wreg, status,2, status,0
   691 ;; Tracked objects:
   692 ;;		On entry : 0/0
   693 ;;		On exit  : 0/0
   694 ;;		Unchanged: 0/0
   695 ;; Data sizes:     COMRAM   BANK0   BANK1   BANK2   BANK3   BANK4   BANK5   BANK6   BANK7   BANK8   BANK9  BANK10  BANK1
      +1  BANK12  BANK13  BANK14  BANK15
   696 ;;      Params:         2       0       0       0       0       0       0       0       0       0       0       0       
      +0       0       0       0       0
   697 ;;      Locals:         0       0       0       0       0       0       0       0       0       0       0       0       
      +0       0       0       0       0
   698 ;;      Temps:          2       0       0       0       0       0       0       0       0       0       0       0       
      +0       0       0       0       0
   699 ;;      Totals:         4       0       0       0       0       0       0       0       0       0       0       0       
      +0       0       0       0       0
   700 ;;Total ram usage:        4 bytes
   701 ;; Hardware stack levels used:    1
   702 ;; This function calls:
   703 ;;		Nothing
   704 ;; This function is called by:
   705 ;;		_Sys_Cyc
   706 ;; This function uses a non-reentrant model
   707 ;;
   708                           
   709                           	psect	text8
   710  0000CE                     __ptext8:
   711                           	opt stack 0
   712  0000CE                     i2_SetTimer0:
   713                           	opt stack 27
   714                           
   715                           ;My_Timer.c: 74: if(_tmr > 0xffff) _tmr = 0xffff;
   716                           
   717                           ;incstack = 0
   718  0000CE  D003               	goto	i2l886
   719  0000D0  6801               	setf	i2SetTimer0@_tmr,c
   720  0000D2  6802               	setf	i2SetTimer0@_tmr+1,c
   721  0000D4  D000               	goto	i2l886
   722  0000D6                     i2l886:
   723                           
   724                           ;My_Timer.c: 75: _tmr=0xffff-_tmr;
   725  0000D6  C001  F003         	movff	i2SetTimer0@_tmr,??i2_SetTimer0
   726  0000DA  C002  F004         	movff	i2SetTimer0@_tmr+1,??i2_SetTimer0+1
   727  0000DE  1E03               	comf	??i2_SetTimer0,f,c
   728  0000E0  1E04               	comf	??i2_SetTimer0+1,f,c
   729  0000E2  4A03               	infsnz	??i2_SetTimer0,f,c
   730  0000E4  2A04               	incf	??i2_SetTimer0+1,f,c
   731  0000E6  0EFF               	movlw	255
   732  0000E8  2403               	addwf	??i2_SetTimer0,w,c
   733  0000EA  6E01               	movwf	i2SetTimer0@_tmr,c
   734  0000EC  0EFF               	movlw	255
   735  0000EE  2004               	addwfc	??i2_SetTimer0+1,w,c
   736  0000F0  6E02               	movwf	i2SetTimer0@_tmr+1,c
   737                           
   738                           ;My_Timer.c: 76: TMR0H = _tmr/256;
   739  0000F2  5002               	movf	i2SetTimer0@_tmr+1,w,c
   740  0000F4  6ED7               	movwf	4055,c	;volatile
   741                           
   742                           ;My_Timer.c: 77: TMR0L = _tmr%256;
   743  0000F6  C001  FFD6         	movff	i2SetTimer0@_tmr,4054	;volatile
   744  0000FA  0012               	return		;funcret
   745  0000FC                     __end_ofi2_SetTimer0:
   746                           	opt stack 0
   747  0000                     pclatu	equ	0xFFB
   748                           pclath	equ	0xFFA
   749                           tblptru	equ	0xFF8
   750                           tblptrh	equ	0xFF7
   751                           tblptrl	equ	0xFF6
   752                           tablat	equ	0xFF5
   753                           prodh	equ	0xFF4
   754                           prodl	equ	0xFF3
   755                           intcon	equ	0xFF2
   756                           fsr0h	equ	0xFEA
   757                           fsr0l	equ	0xFE9
   758                           fsr1h	equ	0xFE2
   759                           fsr1l	equ	0xFE1
   760                           fsr2h	equ	0xFDA
   761                           fsr2l	equ	0xFD9
   762                           status	equ	0xFD8
   763                           pclatu	equ	0xFFB
   764                           pclath	equ	0xFFA
   765                           tblptru	equ	0xFF8
   766                           tblptrh	equ	0xFF7
   767                           tblptrl	equ	0xFF6
   768                           tablat	equ	0xFF5
   769                           prodh	equ	0xFF4
   770                           prodl	equ	0xFF3
   771                           intcon	equ	0xFF2
   772                           fsr0h	equ	0xFEA
   773                           fsr0l	equ	0xFE9
   774                           fsr1h	equ	0xFE2
   775                           fsr1l	equ	0xFE1
   776                           fsr2h	equ	0xFDA
   777                           fsr2l	equ	0xFD9
   778                           status	equ	0xFD8
   779                           
   780                           	psect	rparam
   781  0000                     pclatu	equ	0xFFB
   782                           pclath	equ	0xFFA
   783                           tblptru	equ	0xFF8
   784                           tblptrh	equ	0xFF7
   785                           tblptrl	equ	0xFF6
   786                           tablat	equ	0xFF5
   787                           prodh	equ	0xFF4
   788                           prodl	equ	0xFF3
   789                           intcon	equ	0xFF2
   790                           fsr0h	equ	0xFEA
   791                           fsr0l	equ	0xFE9
   792                           fsr1h	equ	0xFE2
   793                           fsr1l	equ	0xFE1
   794                           fsr2h	equ	0xFDA
   795                           fsr2l	equ	0xFD9
   796                           status	equ	0xFD8


Data Sizes:
    Strings     0
    Constant    0
    Data        0
    BSS         3
    Persistent  0
    Stack       0

Auto Spaces:
    Space          Size  Autos    Used
    COMRAM           95     22      25
    BANK0           160      0       0
    BANK1           256      0       0
    BANK2           256      0       0
    BANK3           256      0       0
    BANK4           256      0       0
    BANK5           256      0       0
    BANK6           256      0       0
    BANK7           256      0       0
    BANK8           256      0       0
    BANK9           256      0       0
    BANK10          256      0       0
    BANK11          256      0       0
    BANK12          256      0       0
    BANK13          256      0       0
    BANK14          256      0       0
    BANK15           22      0       0

Pointer List with Targets:

    None.

Critical Paths under _main in COMRAM

    _main->_delay_ms
    _delay_ms->_delay1ms
    _Timer0_Init->_SetTimer0

Critical Paths under _Sys_Cyc in COMRAM

    _Sys_Cyc->i2_SetTimer0

Critical Paths under _main in BANK0

    None.

Critical Paths under _Sys_Cyc in BANK0

    None.

Critical Paths under _main in BANK1

    None.

Critical Paths under _Sys_Cyc in BANK1

    None.

Critical Paths under _main in BANK2

    None.

Critical Paths under _Sys_Cyc in BANK2

    None.

Critical Paths under _main in BANK3

    None.

Critical Paths under _Sys_Cyc in BANK3

    None.

Critical Paths under _main in BANK4

    None.

Critical Paths under _Sys_Cyc in BANK4

    None.

Critical Paths under _main in BANK5

    None.

Critical Paths under _Sys_Cyc in BANK5

    None.

Critical Paths under _main in BANK6

    None.

Critical Paths under _Sys_Cyc in BANK6

    None.

Critical Paths under _main in BANK7

    None.

Critical Paths under _Sys_Cyc in BANK7

    None.

Critical Paths under _main in BANK8

    None.

Critical Paths under _Sys_Cyc in BANK8

    None.

Critical Paths under _main in BANK9

    None.

Critical Paths under _Sys_Cyc in BANK9

    None.

Critical Paths under _main in BANK10

    None.

Critical Paths under _Sys_Cyc in BANK10

    None.

Critical Paths under _main in BANK11

    None.

Critical Paths under _Sys_Cyc in BANK11

    None.

Critical Paths under _main in BANK12

    None.

Critical Paths under _Sys_Cyc in BANK12

    None.

Critical Paths under _main in BANK13

    None.

Critical Paths under _Sys_Cyc in BANK13

    None.

Critical Paths under _main in BANK14

    None.

Critical Paths under _Sys_Cyc in BANK14

    None.

Critical Paths under _main in BANK15

    None.

Critical Paths under _Sys_Cyc in BANK15

    None.

Call Graph Tables:

 ---------------------------------------------------------------------------------
 (Depth) Function   	        Calls       Base Space   Used Autos Params    Refs
 ---------------------------------------------------------------------------------
 (0) _main                                                 0     0      0     253
                        _GPIO_Config
                           _Key_Init
                        _Timer0_Init
                           _delay_ms
 ---------------------------------------------------------------------------------
 (1) _delay_ms                                             2     0      2     125
                                             20 COMRAM     2     0      2
                           _delay1ms
 ---------------------------------------------------------------------------------
 (2) _delay1ms                                             2     2      0      60
                                             18 COMRAM     2     2      0
 ---------------------------------------------------------------------------------
 (1) _Timer0_Init                                          0     0      0     128
                          _SetTimer0
 ---------------------------------------------------------------------------------
 (2) _SetTimer0                                            4     2      2     128
                                             18 COMRAM     4     2      2
 ---------------------------------------------------------------------------------
 (1) _Key_Init                                             0     0      0       0
 ---------------------------------------------------------------------------------
 (1) _GPIO_Config                                          0     0      0       0
 ---------------------------------------------------------------------------------
 Estimated maximum stack depth 2
 ---------------------------------------------------------------------------------
 (Depth) Function   	        Calls       Base Space   Used Autos Params    Refs
 ---------------------------------------------------------------------------------
 (3) _Sys_Cyc                                             14    14      0      94
                                              4 COMRAM    14    14      0
                        i2_SetTimer0
 ---------------------------------------------------------------------------------
 (4) i2_SetTimer0                                          4     2      2      94
                                              0 COMRAM     4     2      2
 ---------------------------------------------------------------------------------
 Estimated maximum stack depth 4
 ---------------------------------------------------------------------------------

 Call Graph Graphs:

 _main (ROOT)
   _GPIO_Config
   _Key_Init
   _Timer0_Init
     _SetTimer0
   _delay_ms
     _delay1ms

 _Sys_Cyc (ROOT)
   i2_SetTimer0

 Address spaces:
Name               Size   Autos  Total    Cost      Usage
BIGRAM             F15      0       0      37        0.0%
EEDATA             400      0       0       0        0.0%
BITBANK14          100      0       0      33        0.0%
BANK14             100      0       0      34        0.0%
BITBANK13          100      0       0      31        0.0%
BANK13             100      0       0      32        0.0%
BITBANK12          100      0       0      29        0.0%
BANK12             100      0       0      30        0.0%
BITBANK11          100      0       0      27        0.0%
BANK11             100      0       0      28        0.0%
BITBANK10          100      0       0      25        0.0%
BANK10             100      0       0      26        0.0%
BITBANK9           100      0       0      23        0.0%
BANK9              100      0       0      24        0.0%
BITBANK8           100      0       0      21        0.0%
BANK8              100      0       0      22        0.0%
BITBANK7           100      0       0      19        0.0%
BANK7              100      0       0      20        0.0%
BITBANK6           100      0       0      17        0.0%
BANK6              100      0       0      18        0.0%
BITBANK5           100      0       0      15        0.0%
BANK5              100      0       0      16        0.0%
BITBANK4           100      0       0      13        0.0%
BANK4              100      0       0      14        0.0%
BITBANK3           100      0       0      10        0.0%
BANK3              100      0       0      11        0.0%
BITBANK2           100      0       0       8        0.0%
BANK2              100      0       0       9        0.0%
BITBANK1           100      0       0       6        0.0%
BANK1              100      0       0       7        0.0%
BITBANK0            A0      0       0       4        0.0%
BANK0               A0      0       0       5        0.0%
BITCOMRAM           5F      0       0       0        0.0%
COMRAM              5F     16      19       1       26.3%
BITBANK15           16      0       0      35        0.0%
BANK15              16      0       0      36        0.0%
BITSFR_1             0      0       0      40        0.0%
SFR_1                0      0       0      40        0.0%
BITSFR               0      0       0      40        0.0%
SFR                  0      0       0      40        0.0%
STACK                0      0       0       2        0.0%
NULL                 0      0       0       0        0.0%
ABS                  0      0      19      12        0.0%
DATA                 0      0      19       3        0.0%
CODE                 0      0       0       0        0.0%


Microchip Technology PIC18 Macro Assembler V1.34 build -361300703 
Symbol Table                                                                                   Tue Nov 17 13:21:21 2015

                     l19 0110              __CFG_BORV$3 000000             __CFG_CP0$OFF 000000  
           __CFG_CP1$OFF 000000             __CFG_CP2$OFF 000000             __CFG_CP3$OFF 000000  
           __CFG_CP4$OFF 000000             __CFG_CP5$OFF 000000             __CFG_CP6$OFF 000000  
           __CFG_CP7$OFF 000000                      l732 0144                      l724 0132  
                    l728 0140                      l880 0176                      l858 00A8  
                    l878 0170                      _GIE 007F97             __CFG_CPB$OFF 000000  
                    _RE2 007C22                      _RE3 007C23                      _RE4 007C24  
                    _RE5 007C25                      _RF7 007C2F             __CFG_CPD$OFF 000000  
                    _PSA 007EAB             ?_GPIO_Config 0001                     _T0CS 007EAD  
                   _T0SE 007EAC                     _IPEN 007E87                     _main 00FC  
                   fsr0h 000FEA                     fsr1h 000FE2                     fsr0l 000FE9  
                   fsr2h 000FDA                     fsr1l 000FE1                     fsr2l 000FD9  
                   pclat 000FFA                     prodh 000FF4                     prodl 000FF3  
                   start 009C            __CFG_IESO$OFF 000000            __CFG_FOSC$HS2 000000  
          __CFG_MCLRE$ON 000000             ___param_bank 000010            __CFG_RETEN$ON 000000  
                  ?_main 0001          __end_of_Sys_Cyc 009C                    _T0PS0 007EA8  
                  _T0PS1 007EA9                    _T0PS2 007EAA                    i2l112 0062  
                  i2l886 00D6                    _TMR0H 000FD7                    _TMR0L 000FD6  
                  _TRISC 000F94                    _TRISE 000F96                    _TRISF 000F97  
          __CFG_WRT0$OFF 000000            __CFG_WRT1$OFF 000000            __CFG_WRT2$OFF 000000  
          __CFG_WRT3$OFF 000000            __CFG_WRT4$OFF 000000           __CFG_EBRT0$OFF 000000  
          __CFG_WRT5$OFF 000000           __CFG_EBRT1$OFF 000000            __CFG_WRT6$OFF 000000  
         __CFG_EBRT2$OFF 000000            __CFG_WRT7$OFF 000000           __CFG_EBRT3$OFF 000000  
         __CFG_EBRT4$OFF 000000           __CFG_FCMEN$OFF 000000           __CFG_EBRT5$OFF 000000  
         __CFG_EBRT6$OFF 000000           __CFG_EBRT7$OFF 000000            __CFG_WRTB$OFF 000000  
          __CFG_WRTC$OFF 000000            __CFG_WRTD$OFF 000000           __CFG_EBRTB$OFF 000000  
                  tablat 000FF5                    status 000FD8          __initialization 0188  
           __end_of_main 0124         __end_of_Key_Init 01A4                   ??_main 0017  
          __activetblptr 000003           __CFG_PLLCFG$ON 000000                   _T08BIT 007EAE  
        __CFG_BBSIZ$BB2K 000000            SetTimer0@_tmr 0013                   _TMR0IE 007F95  
                 _TMR0IF 007F92                   _TMR0ON 007EAF         __end_of_delay1ms 014A  
       __end_of_delay_ms 0188            ??_Timer0_Init 0017           __CFG_XINST$OFF 000000  
         __CFG_STVREN$ON 000000                ??_Sys_Cyc 0005       __size_of_SetTimer0 002E  
                 tblptrh 000FF7                   tblptrl 000FF6                   tblptru 000FF8  
   __size_of_GPIO_Config 000A               __accesstop 0060  __end_of__initialization 018E  
           ?i2_SetTimer0 0001            ___rparam_used 000001           __pcstackCOMRAM 0001  
    __end_of_Timer0_Init 016E        __end_of_SetTimer0 00CE                ?_Key_Init 0001  
              ?_delay1ms 0001                ?_delay_ms 0015                  i2u24_40 004E  
                i2u25_45 0050               ??_Key_Init 0013          __CFG_PWRTEN$OFF 000000  
                __Hparam 0000              _Timer0_Init 014A                  __Lparam 0000  
                _Sys_Cyc 0008                  __pcinit 0188                  __ramtop 1000  
                __ptext0 00FC                  __ptext1 016E                  __ptext2 0124  
                __ptext3 014A                  __ptext4 00A0                  __ptext5 019E  
                __ptext6 0194                  __ptext8 00CE               ??_delay1ms 0013  
      __CFG_MSSPMSK$MSK7 000000               ??_delay_ms 0017     end_of_initialization 018E  
   __size_ofi2_SetTimer0 002E                _PORTEbits 000F84        __CFG_SOSCSEL$HIGH 000000  
          ??_GPIO_Config 0013      start_initialization 0188                _Local_Key 0017  
      __size_of_Key_Init 0006                _SetTimer0 00A0          i2SetTimer0@_tmr 0001  
            __pbssCOMRAM 0017        __size_of_delay1ms 0026        __size_of_delay_ms 001A  
    __end_of_GPIO_Config 019E               ?_SetTimer0 0013             ?_Timer0_Init 0001  
      __CFG_CCP2MX$PORTC 000000                __pintcode 0008                 ?_Sys_Cyc 0001  
              delay1ms@a 0013                delay1ms@b 0014              _GPIO_Config 0194  
               _Key_Init 019E            ??i2_SetTimer0 0003              ??_SetTimer0 0015  
               __Hrparam 0000                 __Lrparam 0000       __CFG_BOREN$SBORDIS 000000  
       __size_of_Sys_Cyc 0094                 _delay1ms 0124                 _delay_ms 016E  
          __size_of_main 0028      __CFG_RTCOSC$SOSCREF 000000     __size_of_Timer0_Init 0024  
    __end_ofi2_SetTimer0 00FC      __CFG_INTOSCSEL$HIGH 000000              delay_ms@_ms 0015  
     __CFG_WDTEN$SWDTDIS 000000                 intlevel2 0000       __CFG_WDTPS$1048576 000000  
    __CFG_BORPWR$ZPBORMV 000000              i2_SetTimer0 00CE  
